[debug] ----------------------------------------------------------------------
[debug] Command:      /usr/local/bin/node /usr/local/bin/firebase serve
[debug] CLI Version:  3.2.0
[debug] Platform:     darwin
[debug] Node Version: v6.9.0
[debug] Time:         Tue Dec 06 2016 16:27:45 GMT+0000 (GMT)
[debug] ----------------------------------------------------------------------
[debug] 
[info] Starting Firebase development server...
[info] 
[info] Project Directory: /Users/cailinmillar/Documents/Dev/PrenatalPWA
[debug] TypeError: Cannot read property 'public' of undefined
    at Server.<anonymous> (/usr/local/lib/node_modules/firebase-tools/commands/serve.js:26:15)
    at Server.g (events.js:291:16)
    at emitNone (events.js:86:13)
    at Server.emit (events.js:185:7)
    at emitListeningNT (net.js:1283:10)
    at _combinedTickCallback (internal/process/next_tick.js:71:11)
    at process._tickCallback (internal/process/next_tick.js:98:9)
[error] 
[error] Error: An unexpected error has occurred.
[debug] ----------------------------------------------------------------------
[debug] Command:      /usr/local/bin/node /usr/local/bin/firebase serve
[debug] CLI Version:  3.2.0
[debug] Platform:     darwin
[debug] Node Version: v6.9.0
[debug] Time:         Tue Dec 06 2016 16:29:44 GMT+0000 (GMT)
[debug] ----------------------------------------------------------------------
[debug] 
[warn] ⚠  "firebase" key in firebase.json is deprecated. Run firebase use --add instead
[warn] ⚠  Deprecation Warning: Firebase Hosting configuration should be moved under "hosting" key.
[info] Starting Firebase development server...
[info] 
[info] Project Directory: /Users/cailinmillar/Documents/Dev/PrenatalPWA
[info] Public Directory: ./PrenatalPWA
[info] 
[info] Server listening at: http://localhost:5000
